<?xml version="1.0" encoding="UTF-8"?>
<!-- Generated by org.testng.reporters.JUnitReportReporter -->
<testsuite skipped="0" hostname="DESKTOP-NNSFGLU" name="testCase.LoginTest" tests="3" failures="0" timestamp="2020-06-15T13:55:00 IST" time="27.426" errors="0">
  <testcase name="login" time="11.017" classname="testCase.LoginTest"/>
  <system-out/>
  <testcase name="login" time="8.249" classname="testCase.LoginTest"/>
  <system-out/>
  <testcase name="login" time="8.160" classname="testCase.LoginTest"/>
  <system-out/>
</testsuite> <!-- testCase.LoginTest -->
