<?xml version="1.0" encoding="UTF-8"?>
<!-- Generated by org.testng.reporters.JUnitReportReporter -->
<testsuite skipped="0" hostname="DESKTOP-NNSFGLU" name="testCase.LoginTest" tests="3" failures="0" timestamp="2020-06-15T17:49:15 IST" time="33.693" errors="0">
  <testcase name="login" time="16.723" classname="testCase.LoginTest"/>
  <system-out/>
  <testcase name="login" time="7.911" classname="testCase.LoginTest"/>
  <system-out/>
  <testcase name="login" time="9.059" classname="testCase.LoginTest"/>
  <system-out/>
</testsuite> <!-- testCase.LoginTest -->
