<?xml version="1.0" encoding="UTF-8"?>
<!-- Generated by org.testng.reporters.JUnitReportReporter -->
<testsuite skipped="0" hostname="DESKTOP-NNSFGLU" name="testCase.LoginTest" tests="3" failures="0" timestamp="2020-06-12T03:17:08 IST" time="36.148" errors="0">
  <testcase name="login" time="10.329" classname="testCase.LoginTest"/>
  <system-out/>
  <testcase name="login" time="10.765" classname="testCase.LoginTest"/>
  <system-out/>
  <testcase name="login" time="15.054" classname="testCase.LoginTest"/>
  <system-out/>
</testsuite> <!-- testCase.LoginTest -->
