<?xml version="1.0" encoding="UTF-8"?>
<!-- Generated by org.testng.reporters.JUnitReportReporter -->
<testsuite skipped="0" hostname="DESKTOP-NNSFGLU" name="com.academy.project.HomePage" tests="1" failures="0" timestamp="30 Apr 2020 13:55:17 GMT" time="13.387" errors="0">
  <testcase name="getHomePage" time="13.387" classname="com.academy.project.HomePage"/>
</testsuite> <!-- com.academy.project.HomePage -->
