<?xml version="1.0" encoding="UTF-8"?>
<!-- Generated by org.testng.reporters.JUnitReportReporter -->
<testsuite skipped="0" hostname="DESKTOP-NNSFGLU" name="testCase.LoginTest" tests="3" failures="0" timestamp="2020-06-15T13:45:16 IST" time="27.576" errors="0">
  <testcase name="login" time="10.860" classname="testCase.LoginTest"/>
  <system-out/>
  <testcase name="login" time="8.283" classname="testCase.LoginTest"/>
  <system-out/>
  <testcase name="login" time="8.433" classname="testCase.LoginTest"/>
  <system-out/>
</testsuite> <!-- testCase.LoginTest -->
