<?xml version="1.0" encoding="UTF-8"?>
<!-- Generated by org.testng.reporters.JUnitReportReporter -->
<testsuite skipped="0" hostname="DESKTOP-NNSFGLU" name="testCase.LoginTest" tests="3" failures="0" timestamp="2020-06-15T17:23:35 IST" time="26.969" errors="0">
  <testcase name="login" time="7.850" classname="testCase.LoginTest"/>
  <system-out/>
  <testcase name="login" time="11.230" classname="testCase.LoginTest"/>
  <system-out/>
  <testcase name="login" time="7.889" classname="testCase.LoginTest"/>
  <system-out/>
</testsuite> <!-- testCase.LoginTest -->
