<?xml version="1.0" encoding="UTF-8"?>
<!-- Generated by org.testng.reporters.JUnitReportReporter -->
<testsuite skipped="0" hostname="DESKTOP-NNSFGLU" name="testCase.DemoTest" tests="3" failures="0" timestamp="2020-05-18T05:26:59 IST" time="2.443" errors="0">
  <testcase name="getHompage" time="2.329" classname="testCase.DemoTest"/>
  <system-out/>
  <testcase name="getLinkcount" time="0.092" classname="testCase.DemoTest"/>
  <system-out/>
  <testcase name="clickLogin" time="0.022" classname="testCase.DemoTest"/>
  <system-out/>
</testsuite> <!-- testCase.DemoTest -->
