<?xml version="1.0" encoding="UTF-8"?>
<!-- Generated by org.testng.reporters.JUnitReportReporter -->
<testsuite skipped="0" hostname="DESKTOP-NNSFGLU" name="testCase.DemoTest" tests="3" failures="0" timestamp="2020-05-19T04:02:46 IST" time="9.010" errors="0">
  <testcase name="clickLogin" time="6.541" classname="testCase.DemoTest"/>
  <system-out/>
  <testcase name="getHompage" time="2.416" classname="testCase.DemoTest"/>
  <system-out/>
  <testcase name="getLinkcount" time="0.053" classname="testCase.DemoTest"/>
  <system-out/>
</testsuite> <!-- testCase.DemoTest -->
